<?xml version="1.0" encoding="UTF-8"?>
<!-- Generated by org.testng.reporters.JUnitXMLReporter -->
<testsuite hostname="Jasmines-MacBook-Pro.local" ignored="0" name="Command line test" tests="2" failures="1" timestamp="08 Jul 2018 22:08:52 GMT" time="0.06" errors="0">
  <testcase name="VerifyFirstName" time="0.018" classname="practice.PersonTest"/>
  <testcase name="VerifyLastNameFail" time="0.008" classname="practice.PersonTest">
    <failure type="java.lang.AssertionError" message="expected [Rachel] but found [Smith]">
      <![CDATA[java.lang.AssertionError: expected [Rachel] but found [Smith]
at practice.PersonTest.VerifyLastNameFail(PersonTest.java:28)
... Removed 40 stack frames]]>
    </failure>
  </testcase> <!-- VerifyLastNameFail -->
</testsuite> <!-- Command line test -->
